<?xml version="1.0" encoding="UTF-8"?>
<!-- Generated by org.testng.reporters.JUnitXMLReporter -->
<testsuite ignored="0" hostname="DESKTOP-1EQ7H6N" failures="0" tests="6" name="NoP Commerce App Test Cases" time="105.561" errors="0" timestamp="2021-02-27T21:04:18 IST">
  <testcase classname="com.crm.qa.testcases.LoginPageTest" name="loginPageTitleTest" time="0.02"/>
  <testcase classname="com.crm.qa.testcases.LoginPageTest" name="AdminAreaLogoTest" time="0.042"/>
  <testcase classname="com.crm.qa.testcases.LoginPageTest" name="loginTest" time="5.8"/>
  <testcase classname="com.crm.qa.testcases.HomePageTest" name="homePageTitleTest" time="10.019"/>
  <testcase classname="com.crm.qa.testcases.HomePageTest" name="clickOnCustomersMenuTest" time="10.079"/>
  <testcase classname="com.crm.qa.testcases.HomePageTest" name="clickOnCustomersMenuItem" time="26.962"/>
</testsuite> <!-- NoP Commerce App Test Cases -->
