<?xml version="1.0" encoding="UTF-8"?>
<!-- Generated by org.testng.reporters.JUnitXMLReporter -->
<testsuite ignored="0" hostname="DESKTOP-1EQ7H6N" failures="0" tests="3" name="NoP Commerce App Test Cases" time="26.519" errors="0" timestamp="2021-03-01T22:45:14 IST">
  <testcase classname="com.crm.qa.testcases.LoginPageTest" name="loginPageTitleTest" time="0.044"/>
  <testcase classname="com.crm.qa.testcases.LoginPageTest" name="AdminAreaLogoTest" time="0.095"/>
  <testcase classname="com.crm.qa.testcases.LoginPageTest" name="loginTest" time="8.258"/>
</testsuite> <!-- NoP Commerce App Test Cases -->
