<?xml version="1.0" encoding="UTF-8"?>
<!-- Generated by org.testng.reporters.JUnitXMLReporter -->
<testsuite ignored="0" hostname="DESKTOP-1EQ7H6N" failures="1" tests="13" name="NoP Commerce App Test Cases" time="290.242" errors="0" timestamp="2021-03-01T23:44:20 IST">
  <testcase classname="com.crm.qa.testcases.AddCustomersPageTest" name="@BeforeMethod setUp" time="31.671">
    <failure type="org.openqa.selenium.ElementNotInteractableException" message="element not interactable
  (Session info: chrome=88.0.4324.190)
Build info: version: &amp;apos;4.0.0-beta-1&amp;apos;, revision: &amp;apos;9c03156c2b&amp;apos;
System info: host: &amp;apos;DESKTOP-1EQ7H6N&amp;apos;, ip: &amp;apos;192.168.1.8&amp;apos;, os.name: &amp;apos;Windows 10&amp;apos;, os.arch: &amp;apos;amd64&amp;apos;, os.version: &amp;apos;10.0&amp;apos;, java.version: &amp;apos;15.0.2&amp;apos;
Driver info: org.openqa.selenium.chrome.ChromeDriver
Command: [3402e183a88b47b697f571a3eca5cfa7, clickElement {id=9beb3de8-5af4-44b2-a143-18475af28fcf}]
Capabilities {acceptInsecureCerts: false, browserName: chrome, browserVersion: 88.0.4324.190, chrome: {chromedriverVersion: 88.0.4324.96 (68dba2d8a0b14..., userDataDir: C:\Users\InTel\AppData\Loca...}, goog:chromeOptions: {debuggerAddress: localhost:65453}, javascriptEnabled: true, networkConnectionEnabled: false, pageLoadStrategy: normal, platform: WINDOWS, platformName: WINDOWS, proxy: Proxy(), setWindowRect: true, strictFileInteractability: false, timeouts: {implicit: 0, pageLoad: 300000, script: 30000}, unhandledPromptBehavior: dismiss and notify, webauthn:extension:largeBlob: true, webauthn:virtualAuthenticators: true}
Element: [[ChromeDriver: chrome on WINDOWS (3402e183a88b47b697f571a3eca5cfa7)] -&amp;gt; xpath: //span[@class=&amp;apos;menu-item-title&amp;apos;][contains(text(),&amp;apos;Customers&amp;apos;)]]
Session ID: 3402e183a88b47b697f571a3eca5cfa7">
      <![CDATA[org.openqa.selenium.ElementNotInteractableException: element not interactable
  (Session info: chrome=88.0.4324.190)
Build info: version: '4.0.0-beta-1', revision: '9c03156c2b'
System info: host: 'DESKTOP-1EQ7H6N', ip: '192.168.1.8', os.name: 'Windows 10', os.arch: 'amd64', os.version: '10.0', java.version: '15.0.2'
Driver info: org.openqa.selenium.chrome.ChromeDriver
Command: [3402e183a88b47b697f571a3eca5cfa7, clickElement {id=9beb3de8-5af4-44b2-a143-18475af28fcf}]
Capabilities {acceptInsecureCerts: false, browserName: chrome, browserVersion: 88.0.4324.190, chrome: {chromedriverVersion: 88.0.4324.96 (68dba2d8a0b14..., userDataDir: C:\Users\InTel\AppData\Loca...}, goog:chromeOptions: {debuggerAddress: localhost:65453}, javascriptEnabled: true, networkConnectionEnabled: false, pageLoadStrategy: normal, platform: WINDOWS, platformName: WINDOWS, proxy: Proxy(), setWindowRect: true, strictFileInteractability: false, timeouts: {implicit: 0, pageLoad: 300000, script: 30000}, unhandledPromptBehavior: dismiss and notify, webauthn:extension:largeBlob: true, webauthn:virtualAuthenticators: true}
Element: [[ChromeDriver: chrome on WINDOWS (3402e183a88b47b697f571a3eca5cfa7)] -> xpath: //span[@class='menu-item-title'][contains(text(),'Customers')]]
Session ID: 3402e183a88b47b697f571a3eca5cfa7
at org.openqa.selenium.remote.codec.w3c.W3CHttpResponseCodec.createException(W3CHttpResponseCodec.java:195)
at org.openqa.selenium.remote.codec.w3c.W3CHttpResponseCodec.decode(W3CHttpResponseCodec.java:128)
at org.openqa.selenium.remote.codec.w3c.W3CHttpResponseCodec.decode(W3CHttpResponseCodec.java:52)
at org.openqa.selenium.remote.HttpCommandExecutor.execute(HttpCommandExecutor.java:181)
at org.openqa.selenium.remote.service.DriverCommandExecutor.invokeExecute(DriverCommandExecutor.java:153)
at org.openqa.selenium.remote.service.DriverCommandExecutor.execute(DriverCommandExecutor.java:128)
at org.openqa.selenium.remote.RemoteWebDriver.execute(RemoteWebDriver.java:620)
at org.openqa.selenium.remote.RemoteWebElement.execute(RemoteWebElement.java:239)
at org.openqa.selenium.remote.RemoteWebElement.click(RemoteWebElement.java:77)
at org.openqa.selenium.support.events.EventFiringWebDriver$EventFiringWebElement.lambda$new$0(EventFiringWebDriver.java:412)
at com.sun.proxy.$Proxy21.click(Unknown Source)
at org.openqa.selenium.support.events.EventFiringWebDriver$EventFiringWebElement.click(EventFiringWebDriver.java:425)
at org.openqa.selenium.support.pagefactory.internal.LocatingElementHandler.invoke(LocatingElementHandler.java:52)
at com.sun.proxy.$Proxy20.click(Unknown Source)
at com.crm.qa.pages.HomePage.clickOnCustomersMenuItem(HomePage.java:45)
at com.crm.qa.testcases.AddCustomersPageTest.setUp(AddCustomersPageTest.java:48)
at java.base/java.util.ArrayList.forEach(ArrayList.java:1511)
... Removed 42 stack frames]]>
    </failure>
  </testcase> <!-- @BeforeMethod setUp -->
  <testcase classname="com.crm.qa.testcases.AddCustomersPageTest" name="@AfterMethod tearDown" time="-1.614622460033E9">
    <skipped/>
  </testcase> <!-- @AfterMethod tearDown -->
  <testcase classname="com.crm.qa.testcases.LoginPageTest" name="loginPageTitleTest" time="0.033"/>
  <testcase classname="com.crm.qa.testcases.LoginPageTest" name="AdminAreaLogoTest" time="0.057"/>
  <testcase classname="com.crm.qa.testcases.LoginPageTest" name="loginTest" time="10.498"/>
  <testcase classname="com.crm.qa.testcases.HomePageTest" name="homePageTitleTest" time="10.06"/>
  <testcase classname="com.crm.qa.testcases.HomePageTest" name="clickOnCustomersMenuTest" time="10.545"/>
  <testcase classname="com.crm.qa.testcases.HomePageTest" name="clickOnCustomersMenuItem" time="26.848"/>
  <testcase classname="com.crm.qa.testcases.CustomerPageTest" name="CustomersPageTitleTest" time="10.016"/>
  <testcase classname="com.crm.qa.testcases.CustomerPageTest" name="CustomersPageLogoTest" time="10.085">
    <skipped/>
  </testcase> <!-- CustomersPageLogoTest -->
  <testcase classname="com.crm.qa.testcases.CustomerPageTest" name="CustomersPageLogoTest" time="10.068">
    <skipped/>
  </testcase> <!-- CustomersPageLogoTest -->
  <testcase classname="com.crm.qa.testcases.CustomerPageTest" name="CustomersPageLogoTest" time="10.105">
    <skipped/>
  </testcase> <!-- CustomersPageLogoTest -->
  <testcase classname="com.crm.qa.testcases.CustomerPageTest" name="CustomersPageLogoTest" time="10.085">
    <failure type="java.lang.AssertionError" message="expected [Customers] but found [Customers
Add new
Export
 ]">
      <![CDATA[java.lang.AssertionError: expected [Customers] but found [Customers
Add new
Export
 ]
at com.crm.qa.testcases.CustomerPageTest.CustomersPageLogoTest(CustomerPageTest.java:63)
at java.base/java.util.ArrayList.forEach(ArrayList.java:1511)
... Removed 33 stack frames]]>
    </failure>
  </testcase> <!-- CustomersPageLogoTest -->
  <testcase classname="com.crm.qa.testcases.CustomerPageTest" name="clickOnAddNewCustomerTest" time="16.677"/>
  <testcase classname="com.crm.qa.testcases.AddCustomersPageTest" name="addCustomer" time="0.0">
    <skipped/>
  </testcase> <!-- addCustomer -->
</testsuite> <!-- NoP Commerce App Test Cases -->
