<?xml version="1.0" encoding="UTF-8"?>
<testsuite xmlns:xsi="http://www.w3.org/2001/XMLSchema-instance" xsi:noNamespaceSchemaLocation="https://maven.apache.org/surefire/maven-surefire-plugin/xsd/surefire-test-report.xsd" name="TestSuite" time="233.345" tests="10" errors="0" skipped="0" failures="1">
  <properties>
[...]
</properties>
  <testcase name="addCustomer" classname="com.crm.qa.testcases.AddCustomersPageTest" time="13.911"/>
  <testcase name="CustomersPageTitleTest" classname="com.crm.qa.testcases.CustomerPageTest" time="10.026"/>
  <testcase name="CustomersPageLogoTest" classname="com.crm.qa.testcases.CustomerPageTest" time="10.087">
    <failure message="expected [Customers] but found [Customers&#10;Add new&#10;Export&#10; ]" type="java.lang.AssertionError">java.lang.AssertionError: 
expected [Customers] but found [Customers
Add new
Export
 ]
	at com.crm.qa.testcases.CustomerPageTest.CustomersPageLogoTest(CustomerPageTest.java:54)
</failure>
    <system-out><![CDATA[Before navigating to: 'https://admin-demo.nopcommerce.com/login?ReturnUrl=%2Fadmin%2F'
Navigated to:'https://admin-demo.nopcommerce.com/login?ReturnUrl=%2Fadmin%2F'
Trying to find Element By : By.name: Email
Found Element By : By.name: Email
Trying to find Element By : By.name: Email
Found Element By : By.name: Email
Trying to find Element By : By.name: Password
Found Element By : By.name: Password
Trying to find Element By : By.name: Password
Found Element By : By.name: Password
Trying to find Element By : By.xpath: //input[@class='button-1 login-button']
Found Element By : By.xpath: //input[@class='button-1 login-button']
Trying to click on: [[ChromeDriver: chrome on WINDOWS (005a8814488ab73822904f0aa5d086e8)] -> xpath: //input[@class='button-1 login-button']]
Clicked on: [[ChromeDriver: chrome on WINDOWS (005a8814488ab73822904f0aa5d086e8)] -> xpath: //input[@class='button-1 login-button']]
Trying to find Element By : By.xpath: //a[@href='#']//span[contains(text(),'Customers')]
Found Element By : By.xpath: //a[@href='#']//span[contains(text(),'Customers')]
Trying to click on: [[ChromeDriver: chrome on WINDOWS (005a8814488ab73822904f0aa5d086e8)] -> xpath: //a[@href='#']//span[contains(text(),'Customers')]]
Clicked on: [[ChromeDriver: chrome on WINDOWS (005a8814488ab73822904f0aa5d086e8)] -> xpath: //a[@href='#']//span[contains(text(),'Customers')]]
Trying to find Element By : By.xpath: //span[@class='menu-item-title'][contains(text(),'Customers')]
Found Element By : By.xpath: //span[@class='menu-item-title'][contains(text(),'Customers')]
Trying to click on: [[ChromeDriver: chrome on WINDOWS (005a8814488ab73822904f0aa5d086e8)] -> xpath: //span[@class='menu-item-title'][contains(text(),'Customers')]]
Clicked on: [[ChromeDriver: chrome on WINDOWS (005a8814488ab73822904f0aa5d086e8)] -> xpath: //span[@class='menu-item-title'][contains(text(),'Customers')]]
Trying to find Element By : By.xpath: //h1[@class='pull-left']//ancestor::div[@class='content-header clearfix']
Found Element By : By.xpath: //h1[@class='pull-left']//ancestor::div[@class='content-header clearfix']
]]></system-out>
    <system-err><![CDATA[Starting ChromeDriver 88.0.4324.96 (68dba2d8a0b149a1d3afac56fa74648032bcf46b-refs/branch-heads/4324@{#1784}) on port 3557
Only local connections are allowed.
Please see https://chromedriver.chromium.org/security-considerations for suggestions on keeping ChromeDriver safe.
ChromeDriver was started successfully.
Mar 01, 2021 11:16:50 AM org.openqa.selenium.remote.ProtocolHandshake createSession
INFO: Detected dialect: W3C
Mar 01, 2021 11:16:50 AM org.openqa.selenium.devtools.CdpVersionFinder findNearestMatch
INFO: Found exact CDP implementation for version 88
]]></system-err>
  </testcase>
  <testcase name="clickOnAddNewCustomerTest" classname="com.crm.qa.testcases.CustomerPageTest" time="18.26"/>
  <testcase name="homePageTitleTest" classname="com.crm.qa.testcases.HomePageTest" time="10.011"/>
  <testcase name="clickOnCustomersMenuTest" classname="com.crm.qa.testcases.HomePageTest" time="10.218"/>
  <testcase name="clickOnCustomersMenuItem" classname="com.crm.qa.testcases.HomePageTest" time="27.096"/>
  <testcase name="loginPageTitleTest" classname="com.crm.qa.testcases.LoginPageTest" time="0.011"/>
  <testcase name="AdminAreaLogoTest" classname="com.crm.qa.testcases.LoginPageTest" time="0.053"/>
  <testcase name="loginTest" classname="com.crm.qa.testcases.LoginPageTest" time="7.306"/>
</testsuite>