<?xml version="1.0" encoding="UTF-8"?>
<testng-results ignored="0" total="3" passed="3" failed="0" skipped="0">
  <reporter-output>
  </reporter-output>
  <suite started-at="2021-03-01T22:44:47 IST" name="NoP Commerce Application Test Automation Test Suite" finished-at="2021-03-01T22:45:14 IST" duration-ms="26519">
    <groups>
    </groups>
    <test started-at="2021-03-01T22:44:47 IST" name="NoP Commerce App Test Cases" finished-at="2021-03-01T22:45:14 IST" duration-ms="26519">
      <class name="com.crm.qa.testcases.LoginPageTest">
        <test-method is-config="true" signature="setup()[pri:0, instance:com.crm.qa.testcases.LoginPageTest@7770f470]" started-at="2021-03-01T22:44:47 IST" name="setup" finished-at="2021-03-01T22:44:55 IST" duration-ms="7266" status="PASS">
          <reporter-output>
          </reporter-output>
        </test-method> <!-- setup -->
        <test-method signature="loginPageTitleTest()[pri:1, instance:com.crm.qa.testcases.LoginPageTest@7770f470]" started-at="2021-03-01T22:44:55 IST" name="loginPageTitleTest" finished-at="2021-03-01T22:44:55 IST" duration-ms="44" status="PASS">
          <reporter-output>
          </reporter-output>
        </test-method> <!-- loginPageTitleTest -->
        <test-method is-config="true" signature="tearDown()[pri:0, instance:com.crm.qa.testcases.LoginPageTest@7770f470]" started-at="2021-03-01T22:44:55 IST" name="tearDown" finished-at="2021-03-01T22:44:55 IST" duration-ms="769" status="PASS">
          <reporter-output>
          </reporter-output>
        </test-method> <!-- tearDown -->
        <test-method is-config="true" signature="setup()[pri:0, instance:com.crm.qa.testcases.LoginPageTest@7770f470]" started-at="2021-03-01T22:44:55 IST" name="setup" finished-at="2021-03-01T22:44:59 IST" duration-ms="4059" status="PASS">
          <reporter-output>
          </reporter-output>
        </test-method> <!-- setup -->
        <test-method signature="AdminAreaLogoTest()[pri:2, instance:com.crm.qa.testcases.LoginPageTest@7770f470]" started-at="2021-03-01T22:44:59 IST" name="AdminAreaLogoTest" finished-at="2021-03-01T22:44:59 IST" duration-ms="95" status="PASS">
          <reporter-output>
          </reporter-output>
        </test-method> <!-- AdminAreaLogoTest -->
        <test-method is-config="true" signature="tearDown()[pri:0, instance:com.crm.qa.testcases.LoginPageTest@7770f470]" started-at="2021-03-01T22:44:59 IST" name="tearDown" finished-at="2021-03-01T22:45:00 IST" duration-ms="1010" status="PASS">
          <reporter-output>
          </reporter-output>
        </test-method> <!-- tearDown -->
        <test-method is-config="true" signature="setup()[pri:0, instance:com.crm.qa.testcases.LoginPageTest@7770f470]" started-at="2021-03-01T22:45:00 IST" name="setup" finished-at="2021-03-01T22:45:05 IST" duration-ms="4161" status="PASS">
          <reporter-output>
          </reporter-output>
        </test-method> <!-- setup -->
        <test-method signature="loginTest()[pri:3, instance:com.crm.qa.testcases.LoginPageTest@7770f470]" started-at="2021-03-01T22:45:05 IST" name="loginTest" finished-at="2021-03-01T22:45:13 IST" duration-ms="8258" status="PASS">
          <reporter-output>
          </reporter-output>
        </test-method> <!-- loginTest -->
        <test-method is-config="true" signature="tearDown()[pri:0, instance:com.crm.qa.testcases.LoginPageTest@7770f470]" started-at="2021-03-01T22:45:13 IST" name="tearDown" finished-at="2021-03-01T22:45:14 IST" duration-ms="719" status="PASS">
          <reporter-output>
          </reporter-output>
        </test-method> <!-- tearDown -->
      </class> <!-- com.crm.qa.testcases.LoginPageTest -->
    </test> <!-- NoP Commerce App Test Cases -->
  </suite> <!-- NoP Commerce Application Test Automation Test Suite -->
</testng-results>
